<?xml version="1.0" encoding="UTF-8"?>
<!-- Generated by org.testng.reporters.JUnitReportReporter -->
<testsuite skipped="0" hostname="DESKTOP-L7AGLPD" name="com.propine.testdata.ReadExcelData" tests="1" failures="0" timestamp="22 Jun 2020 13:11:48 GMT" time="0.623" errors="0">
  <testcase name="ReadExcel" time="0.623" classname="com.propine.testdata.ReadExcelData"/>
</testsuite> <!-- com.propine.testdata.ReadExcelData -->
