<?xml version="1.0" encoding="UTF-8"?>
<!-- Generated by org.testng.reporters.JUnitReportReporter -->
<testsuite skipped="0" hostname="DESKTOP-L7AGLPD" name="com.propine.qa.test.LandingPageTest" tests="35" failures="0" timestamp="1 Jul 2020 19:04:13 GMT" time="0.053" errors="0">
  <testcase name="DateParserTest" time="0.001" classname="com.propine.qa.test.LandingPageTest"/>
  <testcase name="DateParserTest" time="0.001" classname="com.propine.qa.test.LandingPageTest"/>
  <testcase name="DateParserTest" time="0.001" classname="com.propine.qa.test.LandingPageTest"/>
  <testcase name="DateParserTest" time="0.001" classname="com.propine.qa.test.LandingPageTest"/>
  <testcase name="DateParserTest" time="0.000" classname="com.propine.qa.test.LandingPageTest"/>
  <testcase name="DateParserTest" time="0.000" classname="com.propine.qa.test.LandingPageTest"/>
  <testcase name="DateParserTest" time="0.001" classname="com.propine.qa.test.LandingPageTest"/>
  <testcase name="DateParserTest" time="0.001" classname="com.propine.qa.test.LandingPageTest"/>
  <testcase name="DateParserTest" time="0.001" classname="com.propine.qa.test.LandingPageTest"/>
  <testcase name="DateParserTest" time="0.001" classname="com.propine.qa.test.LandingPageTest"/>
  <testcase name="DateParserTest" time="0.001" classname="com.propine.qa.test.LandingPageTest"/>
  <testcase name="DateParserTest" time="0.001" classname="com.propine.qa.test.LandingPageTest"/>
  <testcase name="DateParserTest" time="0.001" classname="com.propine.qa.test.LandingPageTest"/>
  <testcase name="DateParserTest" time="0.001" classname="com.propine.qa.test.LandingPageTest"/>
  <testcase name="DateParserTest" time="0.001" classname="com.propine.qa.test.LandingPageTest"/>
  <testcase name="DateParserTest" time="0.001" classname="com.propine.qa.test.LandingPageTest"/>
  <testcase name="DateParserTest" time="0.001" classname="com.propine.qa.test.LandingPageTest"/>
  <testcase name="DateParserTest" time="0.001" classname="com.propine.qa.test.LandingPageTest"/>
  <testcase name="DateParserTest" time="0.001" classname="com.propine.qa.test.LandingPageTest"/>
  <testcase name="DateParserTest" time="0.001" classname="com.propine.qa.test.LandingPageTest"/>
  <testcase name="DateParserTest" time="0.000" classname="com.propine.qa.test.LandingPageTest"/>
  <testcase name="DateParserTest" time="0.001" classname="com.propine.qa.test.LandingPageTest"/>
  <testcase name="DateParserTest" time="0.001" classname="com.propine.qa.test.LandingPageTest"/>
  <testcase name="DateParserTest" time="0.000" classname="com.propine.qa.test.LandingPageTest"/>
  <testcase name="DateParserTest" time="0.001" classname="com.propine.qa.test.LandingPageTest"/>
  <testcase name="DateParserTest" time="0.001" classname="com.propine.qa.test.LandingPageTest"/>
  <testcase name="DateParserTest" time="0.001" classname="com.propine.qa.test.LandingPageTest"/>
  <testcase name="DateParserTest" time="0.021" classname="com.propine.qa.test.LandingPageTest"/>
  <testcase name="DateParserTest" time="0.001" classname="com.propine.qa.test.LandingPageTest"/>
  <testcase name="DateParserTest" time="0.002" classname="com.propine.qa.test.LandingPageTest"/>
  <testcase name="DateParserTest" time="0.001" classname="com.propine.qa.test.LandingPageTest"/>
  <testcase name="DateParserTest" time="0.001" classname="com.propine.qa.test.LandingPageTest"/>
  <testcase name="DateParserTest" time="0.002" classname="com.propine.qa.test.LandingPageTest"/>
  <testcase name="DateParserTest" time="0.001" classname="com.propine.qa.test.LandingPageTest"/>
  <testcase name="DateParserTest" time="0.001" classname="com.propine.qa.test.LandingPageTest"/>
</testsuite> <!-- com.propine.qa.test.LandingPageTest -->
