<?xml version="1.0" encoding="UTF-8"?>
<!-- Generated by org.testng.reporters.JUnitReportReporter -->
<testsuite skipped="0" hostname="DESKTOP-L7AGLPD" name="com.propine.testdata.ReadExcelFromLib" tests="1" failures="0" timestamp="21 Jun 2020 14:38:53 GMT" time="0.720" errors="0">
  <testcase name="ReadExcelFileFromLib" time="0.720" classname="com.propine.testdata.ReadExcelFromLib"/>
</testsuite> <!-- com.propine.testdata.ReadExcelFromLib -->
