<?xml version="1.0" encoding="UTF-8"?>
<!-- Generated by org.testng.reporters.JUnitReportReporter -->
<testsuite skipped="0" hostname="DESKTOP-L7AGLPD" name="com.propine.testdata.ReadExcelData2" tests="1" failures="0" timestamp="22 Jun 2020 13:17:51 GMT" time="1.201" errors="0">
  <testcase name="ReadExcel" time="1.201" classname="com.propine.testdata.ReadExcelData2"/>
</testsuite> <!-- com.propine.testdata.ReadExcelData2 -->
