<?xml version="1.0" encoding="UTF-8"?>
<!-- Generated by org.testng.reporters.JUnitReportReporter -->
<testsuite skipped="0" hostname="DESKTOP-L7AGLPD" name="com.propine.qa.test.Home" tests="1" failures="0" timestamp="20 Jun 2020 07:30:12 GMT" time="10.191" errors="0">
  <testcase name="DateParserTest" time="10.191" classname="com.propine.qa.test.Home"/>
</testsuite> <!-- com.propine.qa.test.Home -->
