<?xml version="1.0" encoding="UTF-8"?>
<!-- Generated by org.testng.reporters.JUnitReportReporter -->
<testsuite skipped="0" hostname="DESKTOP-L7AGLPD" name="com.propine.qa.test.LandingPageTest2" tests="35" failures="0" timestamp="2 Jul 2020 15:05:00 GMT" time="0.080" errors="0">
  <testcase name="DateParserTest" time="0.003" classname="com.propine.qa.test.LandingPageTest2"/>
  <testcase name="DateParserTest" time="0.001" classname="com.propine.qa.test.LandingPageTest2"/>
  <testcase name="DateParserTest" time="0.001" classname="com.propine.qa.test.LandingPageTest2"/>
  <testcase name="DateParserTest" time="0.001" classname="com.propine.qa.test.LandingPageTest2"/>
  <testcase name="DateParserTest" time="0.001" classname="com.propine.qa.test.LandingPageTest2"/>
  <testcase name="DateParserTest" time="0.005" classname="com.propine.qa.test.LandingPageTest2"/>
  <testcase name="DateParserTest" time="0.001" classname="com.propine.qa.test.LandingPageTest2"/>
  <testcase name="DateParserTest" time="0.000" classname="com.propine.qa.test.LandingPageTest2"/>
  <testcase name="DateParserTest" time="0.001" classname="com.propine.qa.test.LandingPageTest2"/>
  <testcase name="DateParserTest" time="0.002" classname="com.propine.qa.test.LandingPageTest2"/>
  <testcase name="DateParserTest" time="0.002" classname="com.propine.qa.test.LandingPageTest2"/>
  <testcase name="DateParserTest" time="0.001" classname="com.propine.qa.test.LandingPageTest2"/>
  <testcase name="DateParserTest" time="0.002" classname="com.propine.qa.test.LandingPageTest2"/>
  <testcase name="DateParserTest" time="0.002" classname="com.propine.qa.test.LandingPageTest2"/>
  <testcase name="DateParserTest" time="0.003" classname="com.propine.qa.test.LandingPageTest2"/>
  <testcase name="DateParserTest" time="0.001" classname="com.propine.qa.test.LandingPageTest2"/>
  <testcase name="DateParserTest" time="0.001" classname="com.propine.qa.test.LandingPageTest2"/>
  <testcase name="DateParserTest" time="0.002" classname="com.propine.qa.test.LandingPageTest2"/>
  <testcase name="DateParserTest" time="0.002" classname="com.propine.qa.test.LandingPageTest2"/>
  <testcase name="DateParserTest" time="0.002" classname="com.propine.qa.test.LandingPageTest2"/>
  <testcase name="DateParserTest" time="0.002" classname="com.propine.qa.test.LandingPageTest2"/>
  <testcase name="DateParserTest" time="0.001" classname="com.propine.qa.test.LandingPageTest2"/>
  <testcase name="DateParserTest" time="0.001" classname="com.propine.qa.test.LandingPageTest2"/>
  <testcase name="DateParserTest" time="0.022" classname="com.propine.qa.test.LandingPageTest2"/>
  <testcase name="DateParserTest" time="0.002" classname="com.propine.qa.test.LandingPageTest2"/>
  <testcase name="DateParserTest" time="0.002" classname="com.propine.qa.test.LandingPageTest2"/>
  <testcase name="DateParserTest" time="0.001" classname="com.propine.qa.test.LandingPageTest2"/>
  <testcase name="DateParserTest" time="0.001" classname="com.propine.qa.test.LandingPageTest2"/>
  <testcase name="DateParserTest" time="0.002" classname="com.propine.qa.test.LandingPageTest2"/>
  <testcase name="DateParserTest" time="0.002" classname="com.propine.qa.test.LandingPageTest2"/>
  <testcase name="DateParserTest" time="0.003" classname="com.propine.qa.test.LandingPageTest2"/>
  <testcase name="DateParserTest" time="0.002" classname="com.propine.qa.test.LandingPageTest2"/>
  <testcase name="DateParserTest" time="0.002" classname="com.propine.qa.test.LandingPageTest2"/>
  <testcase name="DateParserTest" time="0.001" classname="com.propine.qa.test.LandingPageTest2"/>
  <testcase name="DateParserTest" time="0.002" classname="com.propine.qa.test.LandingPageTest2"/>
</testsuite> <!-- com.propine.qa.test.LandingPageTest2 -->
